<?xml version="1.0" encoding="UTF-8"?>
<!-- Generated by org.testng.reporters.JUnitReportReporter -->
<testsuite skipped="0" hostname="DESKTOP-36D5C16" name="scripts.CarsCom" tests="3" failures="0" timestamp="2022-06-14T11:49:21 MST" time="21.706" errors="0">
  <testcase name="testSignInPageForm" time="7.373" classname="scripts.CarsCom"/>
  <system-out/>
  <testcase name="testSignInPageSocialMediaSection" time="6.068" classname="scripts.CarsCom"/>
  <system-out/>
  <testcase name="testFailedSignInInvalidCredentials" time="8.265" classname="scripts.CarsCom"/>
  <system-out/>
</testsuite> <!-- scripts.CarsCom -->
